<?xml version="1.0" encoding="UTF-8" ?>
<testsuite tests="6" failures="0" name="app.SystemEwidencjiLudnosciTest" time="0.01" errors="0" skipped="0">
  <properties>
[...]
</properties>
  <testcase classname="app.SystemEwidencjiLudnosciTest" name="testPobierzObywatela[0]" time="0.001"/>
  <testcase classname="app.SystemEwidencjiLudnosciTest" name="testZalogujSie[0]" time="0"/>
  <testcase classname="app.SystemEwidencjiLudnosciTest" name="testZalogujSieMock[0]" time="0.008"/>
  <testcase classname="app.SystemEwidencjiLudnosciTest" name="testPobierzObywatela[1]" time="0.001"/>
  <testcase classname="app.SystemEwidencjiLudnosciTest" name="testZalogujSie[1]" time="0"/>
  <testcase classname="app.SystemEwidencjiLudnosciTest" name="testZalogujSieMock[1]" time="0"/>
</testsuite>